<?xml version="1.0" encoding="UTF-8"?>
<!-- Generated by org.testng.reporters.JUnitReportReporter -->
<testsuite hostname="ASTANCIU-L2" failures="0" tests="1" name="tests.LoginTest" time="4.468" errors="0" timestamp="2022-08-19T15:30:53 EEST" skipped="0">
  <testcase classname="tests.LoginTest" name="validLoginTest" time="4.468"/>
  <system-out/>
</testsuite> <!-- tests.LoginTest -->
