<?xml version="1.0" encoding="UTF-8"?>
<!-- Generated by org.testng.reporters.JUnitReportReporter -->
<testsuite hostname="ASTANCIU-L2" failures="0" tests="1" name="tests.TestEndToEnd" time="12.015" errors="0" timestamp="2022-08-23T16:37:00 EEST" skipped="0">
  <testcase classname="tests.TestEndToEnd" name="addFrozenFood" time="12.015"/>
  <system-out/>
</testsuite> <!-- tests.TestEndToEnd -->
