<?xml version="1.0" encoding="UTF-8"?>
<!-- Generated by org.testng.reporters.JUnitReportReporter -->
<testsuite hostname="ASTANCIU-L2" failures="0" tests="1" name="tests.Test2" time="11.831" errors="0" timestamp="2022-08-22T11:29:37 EEST" skipped="0">
  <testcase classname="tests.Test2" name="addFrozenFood" time="11.831"/>
  <system-out/>
</testsuite> <!-- tests.Test2 -->
