<?xml version="1.0" encoding="UTF-8"?>
<!-- Generated by org.testng.reporters.JUnitReportReporter -->
<testsuite hostname="ASTANCIU-L2" failures="0" tests="1" name="tests.TestEndToEnd" time="11.524" errors="0" timestamp="2022-08-23T15:39:32 EEST" skipped="0">
  <testcase classname="tests.TestEndToEnd" name="addFrozenFood" time="11.524"/>
  <system-out/>
</testsuite> <!-- tests.TestEndToEnd -->
